17:08:51.634 [main] INFO  o.a.c.s.f.ReflectionServiceFactoryBean - Creating Service {http://webservice.ipms.langnatech.com/}IpmsSoapServiceService from class com.langnatech.ipms.webservice.IpmsSoapService
17:08:52.948 [main] INFO  o.a.c.s.f.ReflectionServiceFactoryBean - Creating Service {http://webservice.ipms.langnatech.com/}IpmsSoapServiceService from class com.langnatech.ipms.webservice.IpmsSoapService
17:08:58.750 [main] INFO  o.a.c.s.f.ReflectionServiceFactoryBean - Creating Service {http://webservice.ipms.langnatech.com/}IpmsSoapServiceService from class com.langnatech.ipms.webservice.IpmsSoapService
17:08:59.974 [main] INFO  o.a.c.s.f.ReflectionServiceFactoryBean - Creating Service {http://webservice.ipms.langnatech.com/}IpmsSoapServiceService from class com.langnatech.ipms.webservice.IpmsSoapService
17:09:00.525 [main] INFO  o.a.c.s.f.ReflectionServiceFactoryBean - Creating Service {http://webservice.ipms.langnatech.com/}IpmsSoapServiceService from class com.langnatech.ipms.webservice.IpmsSoapService
17:09:32.964 [main] INFO  o.a.c.s.f.ReflectionServiceFactoryBean - Creating Service {http://webservice.ipms.langnatech.com/}IpmsSoapServiceService from class com.langnatech.ipms.webservice.IpmsSoapService
17:09:33.839 [main] INFO  o.a.c.s.f.ReflectionServiceFactoryBean - Creating Service {http://webservice.ipms.langnatech.com/}IpmsSoapServiceService from class com.langnatech.ipms.webservice.IpmsSoapService
17:09:33.934 [main] INFO  o.a.c.s.f.ReflectionServiceFactoryBean - Creating Service {http://webservice.ipms.langnatech.com/}IpmsSoapServiceService from class com.langnatech.ipms.webservice.IpmsSoapService
17:09:33.965 [main] INFO  o.a.c.s.f.ReflectionServiceFactoryBean - Creating Service {http://webservice.ipms.langnatech.com/}IpmsSoapServiceService from class com.langnatech.ipms.webservice.IpmsSoapService
17:09:33.996 [main] INFO  o.a.c.s.f.ReflectionServiceFactoryBean - Creating Service {http://webservice.ipms.langnatech.com/}IpmsSoapServiceService from class com.langnatech.ipms.webservice.IpmsSoapService
17:10:42.512 [main] INFO  o.a.c.s.f.ReflectionServiceFactoryBean - Creating Service {http://webservice.ipms.langnatech.com/}IpmsSoapServiceService from class com.langnatech.ipms.webservice.IpmsSoapService
17:11:33.851 [main] INFO  o.a.c.s.f.ReflectionServiceFactoryBean - Creating Service {http://webservice.ipms.langnatech.com/}IpmsSoapServiceService from class com.langnatech.ipms.webservice.IpmsSoapService
17:12:03.484 [main] INFO  o.a.c.s.f.ReflectionServiceFactoryBean - Creating Service {http://webservice.ipms.langnatech.com/}IpmsSoapServiceService from class com.langnatech.ipms.webservice.IpmsSoapService
17:12:40.818 [main] INFO  o.a.c.s.f.ReflectionServiceFactoryBean - Creating Service {http://webservice.ipms.langnatech.com/}IpmsSoapServiceService from class com.langnatech.ipms.webservice.IpmsSoapService
17:13:41.478 [main] WARN  o.a.cxf.phase.PhaseInterceptorChain - Interceptor for {http://webservice.ipms.langnatech.com/}IpmsSoapServiceService#{http://webservice.ipms.langnatech.com/}call has thrown exception, unwinding now
org.apache.cxf.interceptor.Fault: Could not send Message.
	at org.apache.cxf.interceptor.MessageSenderInterceptor$MessageSenderEndingInterceptor.handleMessage(MessageSenderInterceptor.java:64) ~[cxf-api-2.7.10.jar:2.7.10]
	at org.apache.cxf.phase.PhaseInterceptorChain.doIntercept(PhaseInterceptorChain.java:272) ~[cxf-api-2.7.10.jar:2.7.10]
	at org.apache.cxf.endpoint.ClientImpl.doInvoke(ClientImpl.java:565) [cxf-api-2.7.10.jar:2.7.10]
	at org.apache.cxf.endpoint.ClientImpl.invoke(ClientImpl.java:474) [cxf-api-2.7.10.jar:2.7.10]
	at org.apache.cxf.endpoint.ClientImpl.invoke(ClientImpl.java:377) [cxf-api-2.7.10.jar:2.7.10]
	at org.apache.cxf.endpoint.ClientImpl.invoke(ClientImpl.java:330) [cxf-api-2.7.10.jar:2.7.10]
	at org.apache.cxf.frontend.ClientProxy.invokeSync(ClientProxy.java:96) [cxf-rt-frontend-simple-2.7.10.jar:2.7.10]
	at org.apache.cxf.jaxws.JaxWsClientProxy.invoke(JaxWsClientProxy.java:135) [cxf-rt-frontend-jaxws-2.7.10.jar:2.7.10]
	at com.sun.proxy.$Proxy38.call(Unknown Source) [na:na]
	at com.langnatech.test.IpmsSoapTest.testQuery(IpmsSoapTest.java:35) [test-classes/:na]
	at sun.reflect.NativeMethodAccessorImpl.invoke0(Native Method) ~[na:1.6.0_45]
	at sun.reflect.NativeMethodAccessorImpl.invoke(NativeMethodAccessorImpl.java:39) ~[na:1.6.0_45]
	at sun.reflect.DelegatingMethodAccessorImpl.invoke(DelegatingMethodAccessorImpl.java:25) ~[na:1.6.0_45]
	at java.lang.reflect.Method.invoke(Method.java:597) ~[na:1.6.0_45]
	at junit.framework.TestCase.runTest(TestCase.java:176) [junit-4.11.jar:na]
	at junit.framework.TestCase.runBare(TestCase.java:141) [junit-4.11.jar:na]
	at junit.framework.TestResult$1.protect(TestResult.java:122) [junit-4.11.jar:na]
	at junit.framework.TestResult.runProtected(TestResult.java:142) [junit-4.11.jar:na]
	at junit.framework.TestResult.run(TestResult.java:125) [junit-4.11.jar:na]
	at junit.framework.TestCase.run(TestCase.java:129) [junit-4.11.jar:na]
	at junit.framework.TestSuite.runTest(TestSuite.java:255) [junit-4.11.jar:na]
	at junit.framework.TestSuite.run(TestSuite.java:250) [junit-4.11.jar:na]
	at org.junit.internal.runners.JUnit38ClassRunner.run(JUnit38ClassRunner.java:84) [junit-4.11.jar:na]
	at org.eclipse.jdt.internal.junit4.runner.JUnit4TestReference.run(JUnit4TestReference.java:86) [.cp/:na]
	at org.eclipse.jdt.internal.junit.runner.TestExecution.run(TestExecution.java:38) [.cp/:na]
	at org.eclipse.jdt.internal.junit.runner.RemoteTestRunner.runTests(RemoteTestRunner.java:459) [.cp/:na]
	at org.eclipse.jdt.internal.junit.runner.RemoteTestRunner.runTests(RemoteTestRunner.java:675) [.cp/:na]
	at org.eclipse.jdt.internal.junit.runner.RemoteTestRunner.run(RemoteTestRunner.java:382) [.cp/:na]
	at org.eclipse.jdt.internal.junit.runner.RemoteTestRunner.main(RemoteTestRunner.java:192) [.cp/:na]
Caused by: java.net.SocketTimeoutException: SocketTimeoutException invoking http://localhost:8080/ipms/soap/ipmsservice: Read timed out
	at sun.reflect.NativeConstructorAccessorImpl.newInstance0(Native Method) ~[na:1.6.0_45]
	at sun.reflect.NativeConstructorAccessorImpl.newInstance(NativeConstructorAccessorImpl.java:39) ~[na:1.6.0_45]
	at sun.reflect.DelegatingConstructorAccessorImpl.newInstance(DelegatingConstructorAccessorImpl.java:27) ~[na:1.6.0_45]
	at java.lang.reflect.Constructor.newInstance(Constructor.java:513) ~[na:1.6.0_45]
	at org.apache.cxf.transport.http.HTTPConduit$WrappedOutputStream.mapException(HTTPConduit.java:1339) ~[cxf-rt-transports-http-2.7.10.jar:2.7.10]
	at org.apache.cxf.transport.http.HTTPConduit$WrappedOutputStream.close(HTTPConduit.java:1323) ~[cxf-rt-transports-http-2.7.10.jar:2.7.10]
	at org.apache.cxf.transport.AbstractConduit.close(AbstractConduit.java:56) ~[cxf-api-2.7.10.jar:2.7.10]
	at org.apache.cxf.transport.http.HTTPConduit.close(HTTPConduit.java:628) ~[cxf-rt-transports-http-2.7.10.jar:2.7.10]
	at org.apache.cxf.interceptor.MessageSenderInterceptor$MessageSenderEndingInterceptor.handleMessage(MessageSenderInterceptor.java:62) ~[cxf-api-2.7.10.jar:2.7.10]
	... 28 common frames omitted
Caused by: java.net.SocketTimeoutException: Read timed out
	at java.net.SocketInputStream.socketRead0(Native Method) ~[na:1.6.0_45]
	at java.net.SocketInputStream.read(SocketInputStream.java:129) ~[na:1.6.0_45]
	at java.io.BufferedInputStream.fill(BufferedInputStream.java:218) ~[na:1.6.0_45]
	at java.io.BufferedInputStream.read1(BufferedInputStream.java:258) ~[na:1.6.0_45]
	at java.io.BufferedInputStream.read(BufferedInputStream.java:317) ~[na:1.6.0_45]
	at sun.net.www.http.HttpClient.parseHTTPHeader(HttpClient.java:698) ~[na:1.6.0_45]
	at sun.net.www.http.HttpClient.parseHTTP(HttpClient.java:641) ~[na:1.6.0_45]
	at sun.net.www.protocol.http.HttpURLConnection.getInputStream(HttpURLConnection.java:1218) ~[na:1.6.0_45]
	at java.net.HttpURLConnection.getResponseCode(HttpURLConnection.java:379) ~[na:1.6.0_45]
	at org.apache.cxf.transport.http.URLConnectionHTTPConduit$URLConnectionWrappedOutputStream.getResponseCode(URLConnectionHTTPConduit.java:266) ~[cxf-rt-transports-http-2.7.10.jar:2.7.10]
	at org.apache.cxf.transport.http.HTTPConduit$WrappedOutputStream.handleResponseInternal(HTTPConduit.java:1531) ~[cxf-rt-transports-http-2.7.10.jar:2.7.10]
	at org.apache.cxf.transport.http.HTTPConduit$WrappedOutputStream.handleResponse(HTTPConduit.java:1504) ~[cxf-rt-transports-http-2.7.10.jar:2.7.10]
	at org.apache.cxf.transport.http.HTTPConduit$WrappedOutputStream.close(HTTPConduit.java:1310) ~[cxf-rt-transports-http-2.7.10.jar:2.7.10]
	... 31 common frames omitted
17:15:17.091 [main] INFO  o.a.c.s.f.ReflectionServiceFactoryBean - Creating Service {http://webservice.ipms.langnatech.com/}IpmsSoapServiceService from class com.langnatech.ipms.webservice.IpmsSoapService
17:20:59.361 [main] INFO  o.a.c.s.f.ReflectionServiceFactoryBean - Creating Service {http://webservice.ipms.langnatech.com/}IpmsSoapServiceService from class com.langnatech.ipms.webservice.IpmsSoapService
17:22:29.597 [main] INFO  o.a.c.s.f.ReflectionServiceFactoryBean - Creating Service {http://webservice.ipms.langnatech.com/}IpmsSoapServiceService from class com.langnatech.ipms.webservice.IpmsSoapService
17:23:30.339 [main] INFO  o.a.c.s.f.ReflectionServiceFactoryBean - Creating Service {http://webservice.ipms.langnatech.com/}IpmsSoapServiceService from class com.langnatech.ipms.webservice.IpmsSoapService
17:30:48.488 [main] INFO  o.a.c.s.f.ReflectionServiceFactoryBean - Creating Service {http://webservice.ipms.langnatech.com/}IpmsSoapServiceService from class com.langnatech.ipms.webservice.IpmsSoapService
17:32:14.087 [main] INFO  o.a.c.s.f.ReflectionServiceFactoryBean - Creating Service {http://webservice.ipms.langnatech.com/}IpmsSoapServiceService from class com.langnatech.ipms.webservice.IpmsSoapService
17:33:02.042 [main] INFO  o.a.c.s.f.ReflectionServiceFactoryBean - Creating Service {http://webservice.ipms.langnatech.com/}IpmsSoapServiceService from class com.langnatech.ipms.webservice.IpmsSoapService
17:33:02.895 [main] INFO  o.a.c.s.f.ReflectionServiceFactoryBean - Creating Service {http://webservice.ipms.langnatech.com/}IpmsSoapServiceService from class com.langnatech.ipms.webservice.IpmsSoapService
17:36:06.234 [main] INFO  o.a.c.s.f.ReflectionServiceFactoryBean - Creating Service {http://webservice.ipms.langnatech.com/}IpmsSoapServiceService from class com.langnatech.ipms.webservice.IpmsSoapService
17:36:47.516 [main] INFO  o.a.c.s.f.ReflectionServiceFactoryBean - Creating Service {http://webservice.ipms.langnatech.com/}IpmsSoapServiceService from class com.langnatech.ipms.webservice.IpmsSoapService
17:36:48.355 [main] INFO  o.a.c.s.f.ReflectionServiceFactoryBean - Creating Service {http://webservice.ipms.langnatech.com/}IpmsSoapServiceService from class com.langnatech.ipms.webservice.IpmsSoapService
17:38:01.245 [main] INFO  o.a.c.s.f.ReflectionServiceFactoryBean - Creating Service {http://webservice.ipms.langnatech.com/}IpmsSoapServiceService from class com.langnatech.ipms.webservice.IpmsSoapService
17:38:02.082 [main] INFO  o.a.c.s.f.ReflectionServiceFactoryBean - Creating Service {http://webservice.ipms.langnatech.com/}IpmsSoapServiceService from class com.langnatech.ipms.webservice.IpmsSoapService
17:38:02.149 [main] INFO  o.a.c.s.f.ReflectionServiceFactoryBean - Creating Service {http://webservice.ipms.langnatech.com/}IpmsSoapServiceService from class com.langnatech.ipms.webservice.IpmsSoapService
17:38:02.247 [main] INFO  o.a.c.s.f.ReflectionServiceFactoryBean - Creating Service {http://webservice.ipms.langnatech.com/}IpmsSoapServiceService from class com.langnatech.ipms.webservice.IpmsSoapService
17:38:02.310 [main] INFO  o.a.c.s.f.ReflectionServiceFactoryBean - Creating Service {http://webservice.ipms.langnatech.com/}IpmsSoapServiceService from class com.langnatech.ipms.webservice.IpmsSoapService
17:38:02.340 [main] INFO  o.a.c.s.f.ReflectionServiceFactoryBean - Creating Service {http://webservice.ipms.langnatech.com/}IpmsSoapServiceService from class com.langnatech.ipms.webservice.IpmsSoapService
17:39:34.273 [main] INFO  o.a.c.s.f.ReflectionServiceFactoryBean - Creating Service {http://webservice.ipms.langnatech.com/}IpmsSoapServiceService from class com.langnatech.ipms.webservice.IpmsSoapService
17:39:35.159 [main] INFO  o.a.c.s.f.ReflectionServiceFactoryBean - Creating Service {http://webservice.ipms.langnatech.com/}IpmsSoapServiceService from class com.langnatech.ipms.webservice.IpmsSoapService
18:42:37.119 [main] INFO  o.a.c.s.f.ReflectionServiceFactoryBean - Creating Service {http://webservice.ipms.langnatech.com/}IpmsSoapServiceService from class com.langnatech.ipms.webservice.IpmsSoapService
18:42:38.226 [main] INFO  o.a.c.s.f.ReflectionServiceFactoryBean - Creating Service {http://webservice.ipms.langnatech.com/}IpmsSoapServiceService from class com.langnatech.ipms.webservice.IpmsSoapService
18:43:50.368 [main] INFO  o.a.c.s.f.ReflectionServiceFactoryBean - Creating Service {http://webservice.ipms.langnatech.com/}IpmsSoapServiceService from class com.langnatech.ipms.webservice.IpmsSoapService
18:44:35.642 [main] INFO  o.a.c.s.f.ReflectionServiceFactoryBean - Creating Service {http://webservice.ipms.langnatech.com/}IpmsSoapServiceService from class com.langnatech.ipms.webservice.IpmsSoapService
18:45:57.995 [main] INFO  o.a.c.s.f.ReflectionServiceFactoryBean - Creating Service {http://webservice.ipms.langnatech.com/}IpmsSoapServiceService from class com.langnatech.ipms.webservice.IpmsSoapService
18:46:29.638 [main] WARN  o.a.cxf.phase.PhaseInterceptorChain - Interceptor for {http://webservice.ipms.langnatech.com/}IpmsSoapServiceService#{http://webservice.ipms.langnatech.com/}call has thrown exception, unwinding now
org.apache.cxf.interceptor.Fault: Could not send Message.
	at org.apache.cxf.interceptor.MessageSenderInterceptor$MessageSenderEndingInterceptor.handleMessage(MessageSenderInterceptor.java:64) ~[cxf-api-2.7.10.jar:2.7.10]
	at org.apache.cxf.phase.PhaseInterceptorChain.doIntercept(PhaseInterceptorChain.java:272) ~[cxf-api-2.7.10.jar:2.7.10]
	at org.apache.cxf.endpoint.ClientImpl.doInvoke(ClientImpl.java:565) [cxf-api-2.7.10.jar:2.7.10]
	at org.apache.cxf.endpoint.ClientImpl.invoke(ClientImpl.java:474) [cxf-api-2.7.10.jar:2.7.10]
	at org.apache.cxf.endpoint.ClientImpl.invoke(ClientImpl.java:377) [cxf-api-2.7.10.jar:2.7.10]
	at org.apache.cxf.endpoint.ClientImpl.invoke(ClientImpl.java:330) [cxf-api-2.7.10.jar:2.7.10]
	at org.apache.cxf.frontend.ClientProxy.invokeSync(ClientProxy.java:96) [cxf-rt-frontend-simple-2.7.10.jar:2.7.10]
	at org.apache.cxf.jaxws.JaxWsClientProxy.invoke(JaxWsClientProxy.java:135) [cxf-rt-frontend-jaxws-2.7.10.jar:2.7.10]
	at com.sun.proxy.$Proxy38.call(Unknown Source) [na:na]
	at com.langnatech.test.IpmsSoapTest.testAdd(IpmsSoapTest.java:87) [test-classes/:na]
	at sun.reflect.NativeMethodAccessorImpl.invoke0(Native Method) ~[na:1.6.0_45]
	at sun.reflect.NativeMethodAccessorImpl.invoke(NativeMethodAccessorImpl.java:39) ~[na:1.6.0_45]
	at sun.reflect.DelegatingMethodAccessorImpl.invoke(DelegatingMethodAccessorImpl.java:25) ~[na:1.6.0_45]
	at java.lang.reflect.Method.invoke(Method.java:597) ~[na:1.6.0_45]
	at junit.framework.TestCase.runTest(TestCase.java:176) [junit-4.11.jar:na]
	at junit.framework.TestCase.runBare(TestCase.java:141) [junit-4.11.jar:na]
	at junit.framework.TestResult$1.protect(TestResult.java:122) [junit-4.11.jar:na]
	at junit.framework.TestResult.runProtected(TestResult.java:142) [junit-4.11.jar:na]
	at junit.framework.TestResult.run(TestResult.java:125) [junit-4.11.jar:na]
	at junit.framework.TestCase.run(TestCase.java:129) [junit-4.11.jar:na]
	at junit.framework.TestSuite.runTest(TestSuite.java:255) [junit-4.11.jar:na]
	at junit.framework.TestSuite.run(TestSuite.java:250) [junit-4.11.jar:na]
	at org.junit.internal.runners.JUnit38ClassRunner.run(JUnit38ClassRunner.java:84) [junit-4.11.jar:na]
	at org.eclipse.jdt.internal.junit4.runner.JUnit4TestReference.run(JUnit4TestReference.java:86) [.cp/:na]
	at org.eclipse.jdt.internal.junit.runner.TestExecution.run(TestExecution.java:38) [.cp/:na]
	at org.eclipse.jdt.internal.junit.runner.RemoteTestRunner.runTests(RemoteTestRunner.java:459) [.cp/:na]
	at org.eclipse.jdt.internal.junit.runner.RemoteTestRunner.runTests(RemoteTestRunner.java:675) [.cp/:na]
	at org.eclipse.jdt.internal.junit.runner.RemoteTestRunner.run(RemoteTestRunner.java:382) [.cp/:na]
	at org.eclipse.jdt.internal.junit.runner.RemoteTestRunner.main(RemoteTestRunner.java:192) [.cp/:na]
Caused by: java.net.SocketException: SocketException invoking http://localhost:8080/ipms/soap/ipmsservice: Connection reset
	at sun.reflect.NativeConstructorAccessorImpl.newInstance0(Native Method) ~[na:1.6.0_45]
	at sun.reflect.NativeConstructorAccessorImpl.newInstance(NativeConstructorAccessorImpl.java:39) ~[na:1.6.0_45]
	at sun.reflect.DelegatingConstructorAccessorImpl.newInstance(DelegatingConstructorAccessorImpl.java:27) ~[na:1.6.0_45]
	at java.lang.reflect.Constructor.newInstance(Constructor.java:513) ~[na:1.6.0_45]
	at org.apache.cxf.transport.http.HTTPConduit$WrappedOutputStream.mapException(HTTPConduit.java:1339) ~[cxf-rt-transports-http-2.7.10.jar:2.7.10]
	at org.apache.cxf.transport.http.HTTPConduit$WrappedOutputStream.close(HTTPConduit.java:1323) ~[cxf-rt-transports-http-2.7.10.jar:2.7.10]
	at org.apache.cxf.transport.AbstractConduit.close(AbstractConduit.java:56) ~[cxf-api-2.7.10.jar:2.7.10]
	at org.apache.cxf.transport.http.HTTPConduit.close(HTTPConduit.java:628) ~[cxf-rt-transports-http-2.7.10.jar:2.7.10]
	at org.apache.cxf.interceptor.MessageSenderInterceptor$MessageSenderEndingInterceptor.handleMessage(MessageSenderInterceptor.java:62) ~[cxf-api-2.7.10.jar:2.7.10]
	... 28 common frames omitted
Caused by: java.net.SocketException: Connection reset
	at java.net.SocketInputStream.read(SocketInputStream.java:168) ~[na:1.6.0_45]
	at java.io.BufferedInputStream.fill(BufferedInputStream.java:218) ~[na:1.6.0_45]
	at java.io.BufferedInputStream.read1(BufferedInputStream.java:258) ~[na:1.6.0_45]
	at java.io.BufferedInputStream.read(BufferedInputStream.java:317) ~[na:1.6.0_45]
	at sun.net.www.http.HttpClient.parseHTTPHeader(HttpClient.java:698) ~[na:1.6.0_45]
	at sun.net.www.http.HttpClient.parseHTTP(HttpClient.java:641) ~[na:1.6.0_45]
	at sun.net.www.protocol.http.HttpURLConnection.getInputStream(HttpURLConnection.java:1218) ~[na:1.6.0_45]
	at java.net.HttpURLConnection.getResponseCode(HttpURLConnection.java:379) ~[na:1.6.0_45]
	at org.apache.cxf.transport.http.URLConnectionHTTPConduit$URLConnectionWrappedOutputStream.getResponseCode(URLConnectionHTTPConduit.java:266) ~[cxf-rt-transports-http-2.7.10.jar:2.7.10]
	at org.apache.cxf.transport.http.HTTPConduit$WrappedOutputStream.handleResponseInternal(HTTPConduit.java:1531) ~[cxf-rt-transports-http-2.7.10.jar:2.7.10]
	at org.apache.cxf.transport.http.HTTPConduit$WrappedOutputStream.handleResponse(HTTPConduit.java:1504) ~[cxf-rt-transports-http-2.7.10.jar:2.7.10]
	at org.apache.cxf.transport.http.HTTPConduit$WrappedOutputStream.close(HTTPConduit.java:1310) ~[cxf-rt-transports-http-2.7.10.jar:2.7.10]
	... 31 common frames omitted
18:46:29.644 [main] INFO  o.a.c.s.f.ReflectionServiceFactoryBean - Creating Service {http://webservice.ipms.langnatech.com/}IpmsSoapServiceService from class com.langnatech.ipms.webservice.IpmsSoapService
18:46:30.682 [main] WARN  o.a.cxf.phase.PhaseInterceptorChain - Interceptor for {http://webservice.ipms.langnatech.com/}IpmsSoapServiceService#{http://webservice.ipms.langnatech.com/}call has thrown exception, unwinding now
org.apache.cxf.interceptor.Fault: Could not send Message.
	at org.apache.cxf.interceptor.MessageSenderInterceptor$MessageSenderEndingInterceptor.handleMessage(MessageSenderInterceptor.java:64) ~[cxf-api-2.7.10.jar:2.7.10]
	at org.apache.cxf.phase.PhaseInterceptorChain.doIntercept(PhaseInterceptorChain.java:272) ~[cxf-api-2.7.10.jar:2.7.10]
	at org.apache.cxf.endpoint.ClientImpl.doInvoke(ClientImpl.java:565) [cxf-api-2.7.10.jar:2.7.10]
	at org.apache.cxf.endpoint.ClientImpl.invoke(ClientImpl.java:474) [cxf-api-2.7.10.jar:2.7.10]
	at org.apache.cxf.endpoint.ClientImpl.invoke(ClientImpl.java:377) [cxf-api-2.7.10.jar:2.7.10]
	at org.apache.cxf.endpoint.ClientImpl.invoke(ClientImpl.java:330) [cxf-api-2.7.10.jar:2.7.10]
	at org.apache.cxf.frontend.ClientProxy.invokeSync(ClientProxy.java:96) [cxf-rt-frontend-simple-2.7.10.jar:2.7.10]
	at org.apache.cxf.jaxws.JaxWsClientProxy.invoke(JaxWsClientProxy.java:135) [cxf-rt-frontend-jaxws-2.7.10.jar:2.7.10]
	at com.sun.proxy.$Proxy38.call(Unknown Source) [na:na]
	at com.langnatech.test.IpmsSoapTest.testAuthc(IpmsSoapTest.java:37) [test-classes/:na]
	at sun.reflect.NativeMethodAccessorImpl.invoke0(Native Method) ~[na:1.6.0_45]
	at sun.reflect.NativeMethodAccessorImpl.invoke(NativeMethodAccessorImpl.java:39) ~[na:1.6.0_45]
	at sun.reflect.DelegatingMethodAccessorImpl.invoke(DelegatingMethodAccessorImpl.java:25) ~[na:1.6.0_45]
	at java.lang.reflect.Method.invoke(Method.java:597) ~[na:1.6.0_45]
	at junit.framework.TestCase.runTest(TestCase.java:176) [junit-4.11.jar:na]
	at junit.framework.TestCase.runBare(TestCase.java:141) [junit-4.11.jar:na]
	at junit.framework.TestResult$1.protect(TestResult.java:122) [junit-4.11.jar:na]
	at junit.framework.TestResult.runProtected(TestResult.java:142) [junit-4.11.jar:na]
	at junit.framework.TestResult.run(TestResult.java:125) [junit-4.11.jar:na]
	at junit.framework.TestCase.run(TestCase.java:129) [junit-4.11.jar:na]
	at junit.framework.TestSuite.runTest(TestSuite.java:255) [junit-4.11.jar:na]
	at junit.framework.TestSuite.run(TestSuite.java:250) [junit-4.11.jar:na]
	at org.junit.internal.runners.JUnit38ClassRunner.run(JUnit38ClassRunner.java:84) [junit-4.11.jar:na]
	at org.eclipse.jdt.internal.junit4.runner.JUnit4TestReference.run(JUnit4TestReference.java:86) [.cp/:na]
	at org.eclipse.jdt.internal.junit.runner.TestExecution.run(TestExecution.java:38) [.cp/:na]
	at org.eclipse.jdt.internal.junit.runner.RemoteTestRunner.runTests(RemoteTestRunner.java:459) [.cp/:na]
	at org.eclipse.jdt.internal.junit.runner.RemoteTestRunner.runTests(RemoteTestRunner.java:675) [.cp/:na]
	at org.eclipse.jdt.internal.junit.runner.RemoteTestRunner.run(RemoteTestRunner.java:382) [.cp/:na]
	at org.eclipse.jdt.internal.junit.runner.RemoteTestRunner.main(RemoteTestRunner.java:192) [.cp/:na]
Caused by: java.net.ConnectException: ConnectException invoking http://localhost:8080/ipms/soap/ipmsservice: Connection refused: connect
	at sun.reflect.NativeConstructorAccessorImpl.newInstance0(Native Method) ~[na:1.6.0_45]
	at sun.reflect.NativeConstructorAccessorImpl.newInstance(NativeConstructorAccessorImpl.java:39) ~[na:1.6.0_45]
	at sun.reflect.DelegatingConstructorAccessorImpl.newInstance(DelegatingConstructorAccessorImpl.java:27) ~[na:1.6.0_45]
	at java.lang.reflect.Constructor.newInstance(Constructor.java:513) ~[na:1.6.0_45]
	at org.apache.cxf.transport.http.HTTPConduit$WrappedOutputStream.mapException(HTTPConduit.java:1339) ~[cxf-rt-transports-http-2.7.10.jar:2.7.10]
	at org.apache.cxf.transport.http.HTTPConduit$WrappedOutputStream.close(HTTPConduit.java:1323) ~[cxf-rt-transports-http-2.7.10.jar:2.7.10]
	at org.apache.cxf.transport.AbstractConduit.close(AbstractConduit.java:56) ~[cxf-api-2.7.10.jar:2.7.10]
	at org.apache.cxf.transport.http.HTTPConduit.close(HTTPConduit.java:628) ~[cxf-rt-transports-http-2.7.10.jar:2.7.10]
	at org.apache.cxf.interceptor.MessageSenderInterceptor$MessageSenderEndingInterceptor.handleMessage(MessageSenderInterceptor.java:62) ~[cxf-api-2.7.10.jar:2.7.10]
	... 28 common frames omitted
Caused by: java.net.ConnectException: Connection refused: connect
	at java.net.PlainSocketImpl.socketConnect(Native Method) ~[na:1.6.0_45]
	at java.net.PlainSocketImpl.doConnect(PlainSocketImpl.java:351) ~[na:1.6.0_45]
	at java.net.PlainSocketImpl.connectToAddress(PlainSocketImpl.java:213) ~[na:1.6.0_45]
	at java.net.PlainSocketImpl.connect(PlainSocketImpl.java:200) ~[na:1.6.0_45]
	at java.net.SocksSocketImpl.connect(SocksSocketImpl.java:366) ~[na:1.6.0_45]
	at java.net.Socket.connect(Socket.java:529) ~[na:1.6.0_45]
	at sun.net.NetworkClient.doConnect(NetworkClient.java:158) ~[na:1.6.0_45]
	at sun.net.www.http.HttpClient.openServer(HttpClient.java:411) ~[na:1.6.0_45]
	at sun.net.www.http.HttpClient.openServer(HttpClient.java:525) ~[na:1.6.0_45]
	at sun.net.www.http.HttpClient.<init>(HttpClient.java:208) ~[na:1.6.0_45]
	at sun.net.www.http.HttpClient.New(HttpClient.java:291) ~[na:1.6.0_45]
	at sun.net.www.http.HttpClient.New(HttpClient.java:310) ~[na:1.6.0_45]
	at sun.net.www.protocol.http.HttpURLConnection.getNewHttpClient(HttpURLConnection.java:987) ~[na:1.6.0_45]
	at sun.net.www.protocol.http.HttpURLConnection.plainConnect(HttpURLConnection.java:923) ~[na:1.6.0_45]
	at sun.net.www.protocol.http.HttpURLConnection.connect(HttpURLConnection.java:841) ~[na:1.6.0_45]
	at sun.net.www.protocol.http.HttpURLConnection.getOutputStream(HttpURLConnection.java:1031) ~[na:1.6.0_45]
	at org.apache.cxf.transport.http.URLConnectionHTTPConduit$URLConnectionWrappedOutputStream.setupWrappedStream(URLConnectionHTTPConduit.java:174) ~[cxf-rt-transports-http-2.7.10.jar:2.7.10]
	at org.apache.cxf.transport.http.HTTPConduit$WrappedOutputStream.handleHeadersTrustCaching(HTTPConduit.java:1283) ~[cxf-rt-transports-http-2.7.10.jar:2.7.10]
	at org.apache.cxf.transport.http.HTTPConduit$WrappedOutputStream.onFirstWrite(HTTPConduit.java:1239) ~[cxf-rt-transports-http-2.7.10.jar:2.7.10]
	at org.apache.cxf.transport.http.URLConnectionHTTPConduit$URLConnectionWrappedOutputStream.onFirstWrite(URLConnectionHTTPConduit.java:201) ~[cxf-rt-transports-http-2.7.10.jar:2.7.10]
	at org.apache.cxf.io.AbstractWrappedOutputStream.write(AbstractWrappedOutputStream.java:47) ~[cxf-api-2.7.10.jar:2.7.10]
	at org.apache.cxf.io.AbstractThresholdOutputStream.write(AbstractThresholdOutputStream.java:69) ~[cxf-api-2.7.10.jar:2.7.10]
	at org.apache.cxf.transport.http.HTTPConduit$WrappedOutputStream.close(HTTPConduit.java:1296) ~[cxf-rt-transports-http-2.7.10.jar:2.7.10]
	... 31 common frames omitted
18:49:37.438 [main] INFO  o.a.c.s.f.ReflectionServiceFactoryBean - Creating Service {http://webservice.ipms.langnatech.com/}IpmsSoapServiceService from class com.langnatech.ipms.webservice.IpmsSoapService
18:49:39.291 [main] INFO  o.a.c.s.f.ReflectionServiceFactoryBean - Creating Service {http://webservice.ipms.langnatech.com/}IpmsSoapServiceService from class com.langnatech.ipms.webservice.IpmsSoapService
